/mnt/lustre/home/vicvalla/TOPAS/Diccionario/Prostata/2817-Beam
/bin/bash
:/opt/ohpc/pub/mpi/openmpi-gnu7/1.10.7/bin:/opt/ohpc/pub/compiler/gcc/7.3.0/bin:/opt/ohpc/pub/utils/prun/1.3:/opt/ohpc/pub/utils/autotools/bin:/opt/ohpc/pub/bin:/usr/local/bin:/usr/bin:/usr/local/sbin:/usr/sbin:/home/vicvalla/topas:/home/vicvalla/.local/bin:/home/vicvalla/bin
/opt/ohpc/pub/mpi/openmpi-gnu7/1.10.7/lib:/opt/ohpc/pub/compiler/gcc/7.3.0/lib64:/home/vicvalla/topas/libexternal/
Estoy corriendo en el nodo c01
Empiezo programa Mon Jul 20 13:11:04 CEST 2020

Welcome to TOPAS, Tool for Particle Simulation (Version 3.1.p3)
Loading parameters starting from: Input.in

*************************************************************
 Geant4 version Name: geant4-10-03-patch-01 [MT]   (24-February-2017)
  << in Multi-threaded mode >> 
                      Copyright : Geant4 Collaboration
                      Reference : NIM A 506 (2003), 250-303
                            WWW : http://cern.ch/geant4
*************************************************************

TOPAS is in MT mode, setting number of threads to: 1

TOPAS set the tolerances based on the World size to:
      Surface tolerance = 0.02 nm, and radial tolerance = 0.02 nm.
TOPAS will read DICOM directory: ../CT
    Iso Center [cm]:       ( 0, 0, 0 )
    # of Voxels:           ( 512, 512, 90 )
    Voxel Dimensions X and Y [cm]: ( 0.107422, 0.107422 ) 
    Number of Slice Thickness Sections: 1
      Slice thickness section 1 has number of voxels: 90 of thickness: 0.3 cm.
    Rotation [deg]:       ( 0, 0, 0 )
Checking overlaps for volume Patient ... OK! 
Creating parallel world: Score
Checking overlaps for volume Score ... OK! 
Creating parallel world: Score_150x60x70
Checking overlaps for volume Score_150x60x70 ... OK! 
SetImage called for imageName: ../CT
Image has not been previously set. Doing so now.
