

*******************************************************************************
Mon Nov 30 14:33:38 2020


FIT:    data read from 'ener.txt' u 1:2
        format = x:z
        x range restricted to [18661.7 : 26818.5]
        #datapoints = 163
        residuals are weighted equally (unit weight)

function used for fitting: g(x)
	g(x)=A*exp(-(x-m)**2/(2*s**2))+B*x+C
fitted parameters initialized with current variable values

iter      chisq       delta/lim  lambda   A             m             s             B             C            
   0 1.0469662698e+11   0.00e+00  1.56e+04    5.494405e+03   2.330608e+04   2.330608e+03   1.000000e+00   1.000000e+00
   9 2.5883540016e+06  -2.75e-02  1.56e-04    5.390303e+03   2.320101e+04   6.646506e+02  -2.956042e-02   7.435160e+02

After 9 iterations the fit converged.
final sum of squares of residuals : 2.58835e+06
rel. change during last iteration : -2.75128e-07

degrees of freedom    (FIT_NDF)                        : 158
rms of residuals      (FIT_STDFIT) = sqrt(WSSR/ndf)    : 127.992
variance of residuals (reduced chisquare) = WSSR/ndf   : 16382

Final set of parameters            Asymptotic Standard Error
=======================            ==========================
A               = 5390.3           +/- 33.74        (0.626%)
m               = 23201            +/- 4.713        (0.02031%)
s               = 664.651          +/- 5.188        (0.7805%)
B               = -0.0295604       +/- 0.004429     (14.98%)
C               = 743.516          +/- 100.1        (13.47%)

correlation matrix of the fit parameters:
                A      m      s      B      C      
A               1.000 
m               0.036  1.000 
s              -0.356  0.010  1.000 
B              -0.078 -0.218 -0.115  1.000 
C               0.040  0.216  0.055 -0.991  1.000 


*******************************************************************************
Mon Nov 30 14:59:11 2020


FIT:    data read from 'ener.txt' u 1:2
        format = x:z
        x range restricted to [9635.32 : 16142.3]
        #datapoints = 130
        residuals are weighted equally (unit weight)

function used for fitting: g(x)
	g(x)=A*exp(-(x-m)**2/(2*s**2))+B*x+C
fitted parameters initialized with current variable values

iter      chisq       delta/lim  lambda   A             m             s             B             C            
   0 3.3591743985e+10   0.00e+00  2.23e+04    1.134506e+04   1.281669e+04   1.281669e+03   1.000000e+00   1.000000e+00
   8 1.1162762167e+07  -8.80e-01  2.23e-04    1.056012e+04   1.278864e+04   4.818327e+02  -1.240036e-01   2.268401e+03

After 8 iterations the fit converged.
final sum of squares of residuals : 1.11628e+07
rel. change during last iteration : -8.8017e-06

degrees of freedom    (FIT_NDF)                        : 125
rms of residuals      (FIT_STDFIT) = sqrt(WSSR/ndf)    : 298.835
variance of residuals (reduced chisquare) = WSSR/ndf   : 89302.1

Final set of parameters            Asymptotic Standard Error
=======================            ==========================
A               = 10560.1          +/- 91.7         (0.8684%)
m               = 12788.6          +/- 4.75         (0.03714%)
s               = 481.833          +/- 5.15         (1.069%)
B               = -0.124004        +/- 0.01423      (11.47%)
C               = 2268.4           +/- 187          (8.245%)

correlation matrix of the fit parameters:
                A      m      s      B      C      
A               1.000 
m               0.012  1.000 
s              -0.395 -0.017  1.000 
B               0.013 -0.186  0.028  1.000 
C              -0.059  0.183 -0.103 -0.984  1.000 


*******************************************************************************
Mon Nov 30 14:59:32 2020


FIT:    data read from 'ener.txt' u 1:2
        format = x:z
        x range restricted to [29907.0 : 38165.9]
        #datapoints = 165
        residuals are weighted equally (unit weight)

function used for fitting: g(x)
	g(x)=A*exp(-(x-m)**2/(2*s**2))+B*x+C
fitted parameters initialized with current variable values

iter      chisq       delta/lim  lambda   A             m             s             B             C            
   0 4.2497871518e+08   0.00e+00  2.97e+03    9.721398e+02   3.328261e+04   3.328261e+03  -1.240036e-01   2.268401e+03
  11 8.7587027954e+04  -3.64e-01  2.97e-02    8.885887e+02   3.347253e+04   1.008554e+03  -1.086340e-02   4.667749e+02

After 11 iterations the fit converged.
final sum of squares of residuals : 87587
rel. change during last iteration : -3.63524e-06

degrees of freedom    (FIT_NDF)                        : 160
rms of residuals      (FIT_STDFIT) = sqrt(WSSR/ndf)    : 23.397
variance of residuals (reduced chisquare) = WSSR/ndf   : 547.419

Final set of parameters            Asymptotic Standard Error
=======================            ==========================
A               = 888.589          +/- 5.359        (0.6031%)
m               = 33472.5          +/- 6.905        (0.02063%)
s               = 1008.55          +/- 8.296        (0.8226%)
B               = -0.0108634       +/- 0.0008886    (8.18%)
C               = 466.775          +/- 31.34        (6.713%)

correlation matrix of the fit parameters:
                A      m      s      B      C      
A               1.000 
m              -0.061  1.000 
s              -0.099 -0.127  1.000 
B               0.186 -0.415  0.279  1.000 
C              -0.225  0.413 -0.336 -0.995  1.000 


*******************************************************************************
Mon Nov 30 15:02:04 2020


FIT:    data read from 'ener.txt' u 1:2
        format = x:z
        x range restricted to [32256.4 : 40413.1]
        #datapoints = 163
        residuals are weighted equally (unit weight)

function used for fitting: g(x)
	g(x)=A*exp(-(x-m)**2/(2*s**2))+B*x+C
fitted parameters initialized with current variable values

iter      chisq       delta/lim  lambda   A             m             s             B             C            
   0 2.1775130727e+11   0.00e+00  1.63e+04    3.407171e+02   3.536458e+04   3.536458e+03   1.000000e+00   1.000000e+00
  11 2.8763741990e+04  -7.63e-02  1.63e-04    3.287186e+02   3.546512e+04   1.259297e+03  -3.684724e-03   1.566481e+02

After 11 iterations the fit converged.
final sum of squares of residuals : 28763.7
rel. change during last iteration : -7.62723e-07

degrees of freedom    (FIT_NDF)                        : 158
rms of residuals      (FIT_STDFIT) = sqrt(WSSR/ndf)    : 13.4926
variance of residuals (reduced chisquare) = WSSR/ndf   : 182.049

Final set of parameters            Asymptotic Standard Error
=======================            ==========================
A               = 328.719          +/- 3.611        (1.098%)
m               = 35465.1          +/- 14.38        (0.04055%)
s               = 1259.3           +/- 19.64        (1.559%)
B               = -0.00368472      +/- 0.0007412    (20.12%)
C               = 156.648          +/- 28.93        (18.47%)

correlation matrix of the fit parameters:
                A      m      s      B      C      
A               1.000 
m              -0.343  1.000 
s               0.377 -0.385  1.000 
B               0.561 -0.647  0.599  1.000 
C              -0.595  0.644 -0.641 -0.997  1.000 


*******************************************************************************
Mon Nov 30 15:02:19 2020


FIT:    data read from 'ener.txt' u 1:2
        format = x:z
        x range restricted to [27560.0 : 32503.5]
        #datapoints = 99
        residuals are weighted equally (unit weight)

function used for fitting: g(x)
	g(x)=A*exp(-(x-m)**2/(2*s**2))+B*x+C
fitted parameters initialized with current variable values

iter      chisq       delta/lim  lambda   A             m             s             B             C            
   0 1.0089181267e+07   0.00e+00  1.29e+03    6.997031e+02   3.080598e+04   3.080598e+03  -3.684724e-03   1.566481e+02
   9 1.0150882736e+05  -5.39e-01  1.29e-05    6.392711e+02   3.063455e+04   8.389957e+02  -6.176985e-02   1.975748e+03

After 9 iterations the fit converged.
final sum of squares of residuals : 101509
rel. change during last iteration : -5.39357e-06

degrees of freedom    (FIT_NDF)                        : 94
rms of residuals      (FIT_STDFIT) = sqrt(WSSR/ndf)    : 32.8615
variance of residuals (reduced chisquare) = WSSR/ndf   : 1079.88

Final set of parameters            Asymptotic Standard Error
=======================            ==========================
A               = 639.271          +/- 13.85        (2.166%)
m               = 30634.6          +/- 16.84        (0.05497%)
s               = 838.996          +/- 23.54        (2.805%)
B               = -0.0617699       +/- 0.004686     (7.587%)
C               = 1975.75          +/- 132.2        (6.689%)

correlation matrix of the fit parameters:
                A      m      s      B      C      
A               1.000 
m               0.530  1.000 
s               0.580  0.494  1.000 
B              -0.728 -0.744 -0.688  1.000 
C               0.702  0.745  0.656 -0.998  1.000 


*******************************************************************************
Mon Nov 30 15:04:50 2020


FIT:    data read from 'ener.txt' u 1:2
        format = x:z
        x range restricted to [13223.9 : 18414.5]
        #datapoints = 104
        residuals are weighted equally (unit weight)

function used for fitting: g(x)
	g(x)=A*exp(-(x-m)**2/(2*s**2))+B*x+C
fitted parameters initialized with current variable values

iter      chisq       delta/lim  lambda   A             m             s             B             C            
   0 3.4666385786e+10   0.00e+00  1.41e+04    5.590317e+03   1.562034e+04   1.562034e+03   1.000000e+00   1.000000e+00
   9 1.0865569322e+06  -1.73e-01  1.41e-04    5.598848e+03   1.561658e+04   5.041308e+02  -5.294227e-02   9.314210e+02

After 9 iterations the fit converged.
final sum of squares of residuals : 1.08656e+06
rel. change during last iteration : -1.73434e-06

degrees of freedom    (FIT_NDF)                        : 99
rms of residuals      (FIT_STDFIT) = sqrt(WSSR/ndf)    : 104.763
variance of residuals (reduced chisquare) = WSSR/ndf   : 10975.3

Final set of parameters            Asymptotic Standard Error
=======================            ==========================
A               = 5598.85          +/- 32.16        (0.5744%)
m               = 15616.6          +/- 3.289        (0.02106%)
s               = 504.131          +/- 3.697        (0.7333%)
B               = -0.0529423       +/- 0.007206     (13.61%)
C               = 931.421          +/- 116.6        (12.52%)

correlation matrix of the fit parameters:
                A      m      s      B      C      
A               1.000 
m              -0.002  1.000 
s              -0.293 -0.044  1.000 
B               0.063 -0.281  0.111  1.000 
C              -0.104  0.279 -0.174 -0.992  1.000 


*******************************************************************************
Mon Nov 30 15:11:09 2020


FIT:    data read from 'ener.txt' u 1:2
        format = x:z
        x range restricted to [970.023 : 2394.42]
        #datapoints = 28
        residuals are weighted equally (unit weight)

function used for fitting: g(x)
	g(x)=A*exp(-(x-m)**2/(2*s**2))+B*x+C
fitted parameters initialized with current variable values

iter      chisq       delta/lim  lambda   A             m             s             B             C            
   0 2.7664909494e+07   0.00e+00  5.13e+03    3.547361e+03   1.562265e+03   1.562265e+02   1.000000e+00   1.000000e+00
   9 1.0903360227e+06  -9.71e-01  5.13e-06    2.692657e+03   1.579593e+03   2.029585e+02   6.873335e-02   7.181395e+02

After 9 iterations the fit converged.
final sum of squares of residuals : 1.09034e+06
rel. change during last iteration : -9.7097e-06

degrees of freedom    (FIT_NDF)                        : 23
rms of residuals      (FIT_STDFIT) = sqrt(WSSR/ndf)    : 217.729
variance of residuals (reduced chisquare) = WSSR/ndf   : 47405.9

Final set of parameters            Asymptotic Standard Error
=======================            ==========================
A               = 2692.66          +/- 121.7        (4.52%)
m               = 1579.59          +/- 10.28        (0.6506%)
s               = 202.959          +/- 13.1         (6.454%)
B               = 0.0687334        +/- 0.1311       (190.8%)
C               = 718.14           +/- 268.2        (37.34%)

correlation matrix of the fit parameters:
                A      m      s      B      C      
A               1.000 
m              -0.153  1.000 
s               0.120 -0.193  1.000 
B               0.295 -0.539  0.361  1.000 
C              -0.434  0.511 -0.547 -0.951  1.000 


*******************************************************************************
Mon Nov 30 15:11:27 2020


FIT:    data read from 'ener.txt' u 1:2
        format = x:z
        x range restricted to [3336.86 : 6055.79]
        #datapoints = 55
        residuals are weighted equally (unit weight)

function used for fitting: g(x)
	g(x)=A*exp(-(x-m)**2/(2*s**2))+B*x+C
fitted parameters initialized with current variable values

iter      chisq       delta/lim  lambda   A             m             s             B             C            
   0 4.7249198621e+07   0.00e+00  1.30e+03    7.138159e+02   4.638478e+03   4.638478e+02   6.873335e-02   7.181395e+02
   6 4.8227670213e+04  -4.96e-02  1.30e-03    3.671910e+02   4.668646e+03   2.596617e+02  -2.741209e-02   4.704930e+02

After 6 iterations the fit converged.
final sum of squares of residuals : 48227.7
rel. change during last iteration : -4.96011e-07

degrees of freedom    (FIT_NDF)                        : 50
rms of residuals      (FIT_STDFIT) = sqrt(WSSR/ndf)    : 31.0573
variance of residuals (reduced chisquare) = WSSR/ndf   : 964.553

Final set of parameters            Asymptotic Standard Error
=======================            ==========================
A               = 367.191          +/- 13.22        (3.6%)
m               = 4668.65          +/- 10.63        (0.2276%)
s               = 259.662          +/- 11.84        (4.561%)
B               = -0.0274121       +/- 0.005481     (19.99%)
C               = 470.493          +/- 26.6         (5.654%)

correlation matrix of the fit parameters:
                A      m      s      B      C      
A               1.000 
m               0.005  1.000 
s              -0.313 -0.016  1.000 
B               0.016 -0.268  0.031  1.000 
C              -0.086  0.261 -0.142 -0.975  1.000 


*******************************************************************************
Mon Nov 30 15:11:52 2020


FIT:    data read from 'ener.txt' u 1:2
        format = x:z
        x range restricted to [6550.14 : 9021.89]
        #datapoints = 49
        residuals are weighted equally (unit weight)

function used for fitting: g(x)
	g(x)=A*exp(-(x-m)**2/(2*s**2))+B*x+C
fitted parameters initialized with current variable values

iter      chisq       delta/lim  lambda   A             m             s             B             C            
   0 9.2513546663e+06   0.00e+00  2.49e+03    1.256451e+03   7.307290e+03   7.307290e+02  -2.741209e-02   4.704930e+02
   6 7.6861082108e+04  -1.22e-02  2.49e-03    1.071650e+03   7.343242e+03   3.856038e+02  -1.500872e-02   3.431111e+02

After 6 iterations the fit converged.
final sum of squares of residuals : 76861.1
rel. change during last iteration : -1.22145e-07

degrees of freedom    (FIT_NDF)                        : 44
rms of residuals      (FIT_STDFIT) = sqrt(WSSR/ndf)    : 41.7952
variance of residuals (reduced chisquare) = WSSR/ndf   : 1746.84

Final set of parameters            Asymptotic Standard Error
=======================            ==========================
A               = 1071.65          +/- 35.44        (3.307%)
m               = 7343.24          +/- 9.822        (0.1337%)
s               = 385.604          +/- 14.97        (3.881%)
B               = -0.0150087       +/- 0.02616      (174.3%)
C               = 343.111          +/- 228.1        (66.48%)

correlation matrix of the fit parameters:
                A      m      s      B      C      
A               1.000 
m              -0.693  1.000 
s               0.742 -0.688  1.000 
B               0.883 -0.804  0.852  1.000 
C              -0.895  0.801 -0.867 -0.999  1.000 


*******************************************************************************
Mon Nov 30 15:12:13 2020


FIT:    data read from fcal1 u 2:1
        format = x:z
        #datapoints = 8
        residuals are weighted equally (unit weight)

function used for fitting: r1(x)
	r1(x)=a1*x**2+b1*x+c1
fitted parameters initialized with current variable values

iter      chisq       delta/lim  lambda   a1            b1            c1           
   0 3.8078929661e+18   0.00e+00  3.98e+08    1.000000e+00   1.000000e+00   1.000000e+00
  12 1.3108445730e+03  -1.00e-02  3.98e-04   -5.840780e-08   3.801179e-02   6.284949e+01

After 12 iterations the fit converged.
final sum of squares of residuals : 1310.84
rel. change during last iteration : -1.00317e-07

degrees of freedom    (FIT_NDF)                        : 5
rms of residuals      (FIT_STDFIT) = sqrt(WSSR/ndf)    : 16.1916
variance of residuals (reduced chisquare) = WSSR/ndf   : 262.169

Final set of parameters            Asymptotic Standard Error
=======================            ==========================
a1              = -5.84078e-08     +/- 5.914e-08    (101.3%)
b1              = 0.0380118        +/- 0.002323     (6.11%)
c1              = 62.8495          +/- 15.66        (24.92%)

correlation matrix of the fit parameters:
                a1     b1     c1     
a1              1.000 
b1             -0.981  1.000 
c1              0.780 -0.864  1.000 


*******************************************************************************
Mon Nov 30 18:03:03 2020


FIT:    data read from fcal1 u 2:1
        format = x:z
        #datapoints = 8
        residuals are weighted equally (unit weight)

function used for fitting: r1(x)
	r1(x)=a1*x**2+b1*x+c1
fitted parameters initialized with current variable values

iter      chisq       delta/lim  lambda   a1            b1            c1           
   0 3.8078929661e+18   0.00e+00  3.98e+08    1.000000e+00   1.000000e+00   1.000000e+00
  12 1.3108445730e+03  -1.00e-02  3.98e-04   -5.840780e-08   3.801179e-02   6.284949e+01

After 12 iterations the fit converged.
final sum of squares of residuals : 1310.84
rel. change during last iteration : -1.00317e-07

degrees of freedom    (FIT_NDF)                        : 5
rms of residuals      (FIT_STDFIT) = sqrt(WSSR/ndf)    : 16.1916
variance of residuals (reduced chisquare) = WSSR/ndf   : 262.169

Final set of parameters            Asymptotic Standard Error
=======================            ==========================
a1              = -5.84078e-08     +/- 5.914e-08    (101.3%)
b1              = 0.0380118        +/- 0.002323     (6.11%)
c1              = 62.8495          +/- 15.66        (24.92%)

correlation matrix of the fit parameters:
                a1     b1     c1     
a1              1.000 
b1             -0.981  1.000 
c1              0.780 -0.864  1.000 


*******************************************************************************
Mon Nov 30 18:03:24 2020


FIT:    data read from fcal1 u 2:1
        format = x:z
        #datapoints = 8
        residuals are weighted equally (unit weight)

function used for fitting: r1(x)
	r1(x)=a1*x**2+b1*x+c1
fitted parameters initialized with current variable values

iter      chisq       delta/lim  lambda   a1            b1            c1           
   0 1.3108445730e+03   0.00e+00  4.80e+02   -5.840780e-08   3.801179e-02   6.284949e+01
   1 1.3108445730e+03  -7.81e-10  4.80e+02   -5.840780e-08   3.801179e-02   6.284949e+01

After 1 iterations the fit converged.
final sum of squares of residuals : 1310.84
rel. change during last iteration : -7.80551e-15

degrees of freedom    (FIT_NDF)                        : 5
rms of residuals      (FIT_STDFIT) = sqrt(WSSR/ndf)    : 16.1916
variance of residuals (reduced chisquare) = WSSR/ndf   : 262.169

Final set of parameters            Asymptotic Standard Error
=======================            ==========================
a1              = -5.84078e-08     +/- 5.914e-08    (101.3%)
b1              = 0.0380118        +/- 0.002323     (6.11%)
c1              = 62.8495          +/- 15.66        (24.92%)

correlation matrix of the fit parameters:
                a1     b1     c1     
a1              1.000 
b1             -0.981  1.000 
c1              0.780 -0.864  1.000 


*******************************************************************************
Mon Nov 30 18:03:30 2020


FIT:    data read from fcal1 u 2:1
        format = x:z
        #datapoints = 8
        residuals are weighted equally (unit weight)

function used for fitting: r1(x)
	r1(x)=a1*x**2+b1*x+c1
fitted parameters initialized with current variable values

iter      chisq       delta/lim  lambda   a1            b1            c1           
   0 1.3108445730e+03   0.00e+00  4.80e+02   -5.840780e-08   3.801179e-02   6.284949e+01
   1 1.3108445730e+03   0.00e+00  4.80e+04   -5.840780e-08   3.801179e-02   6.284949e+01

After 1 iterations the fit converged.
final sum of squares of residuals : 1310.84
rel. change during last iteration : 0

degrees of freedom    (FIT_NDF)                        : 5
rms of residuals      (FIT_STDFIT) = sqrt(WSSR/ndf)    : 16.1916
variance of residuals (reduced chisquare) = WSSR/ndf   : 262.169

Final set of parameters            Asymptotic Standard Error
=======================            ==========================
a1              = -5.84078e-08     +/- 5.914e-08    (101.3%)
b1              = 0.0380118        +/- 0.002323     (6.11%)
c1              = 62.8495          +/- 15.66        (24.92%)

correlation matrix of the fit parameters:
                a1     b1     c1     
a1              1.000 
b1             -0.981  1.000 
c1              0.780 -0.864  1.000 


*******************************************************************************
Mon Nov 30 18:04:06 2020


FIT:    data read from fcal1 u 2:1
        format = x:z
        #datapoints = 8
        residuals are weighted equally (unit weight)

function used for fitting: r1(x)
	r1(x)=a1*x**2+b1*x+c1
fitted parameters initialized with current variable values

iter      chisq       delta/lim  lambda   a1            b1            c1           
   0 1.3108445730e+03   0.00e+00  4.80e+02   -5.840780e-08   3.801179e-02   6.284949e+01
   1 1.3108445730e+03   0.00e+00  4.80e+04   -5.840780e-08   3.801179e-02   6.284949e+01

After 1 iterations the fit converged.
final sum of squares of residuals : 1310.84
rel. change during last iteration : 0

degrees of freedom    (FIT_NDF)                        : 5
rms of residuals      (FIT_STDFIT) = sqrt(WSSR/ndf)    : 16.1916
variance of residuals (reduced chisquare) = WSSR/ndf   : 262.169

Final set of parameters            Asymptotic Standard Error
=======================            ==========================
a1              = -5.84078e-08     +/- 5.914e-08    (101.3%)
b1              = 0.0380118        +/- 0.002323     (6.11%)
c1              = 62.8495          +/- 15.66        (24.92%)

correlation matrix of the fit parameters:
                a1     b1     c1     
a1              1.000 
b1             -0.981  1.000 
c1              0.780 -0.864  1.000 


*******************************************************************************
Tue Dec  1 15:20:31 2020


FIT:    data read from 'rates-det1w.txt' u ($1-8380):2
        format = x:z
        x range restricted to [0.00000 : 4000.00]
        #datapoints = 373
        residuals are weighted equally (unit weight)

function used for fitting: g(x)
	g(x)=A*exp(-t*x/ln(2))+B
fitted parameters initialized with current variable values



*******************************************************************************
Tue Dec  1 15:20:48 2020


FIT:    data read from 'rates-det1w.txt' u ($1-8380):2
        format = x:z
        x range restricted to [0.00000 : 4000.00]
        #datapoints = 373
        residuals are weighted equally (unit weight)

function used for fitting: g(x)
	g(x)=A*exp(-x*log(2)/t)+B
fitted parameters initialized with current variable values

iter      chisq       delta/lim  lambda   A             B             t            
   0 1.1689065871e+04   0.00e+00  2.90e+01    6.000000e+01   4.000000e+01   9.000000e+02
   5 2.5126086101e+03  -6.48e-07  2.90e-04    7.716163e+01   4.052360e+01   6.099434e+02

After 5 iterations the fit converged.
final sum of squares of residuals : 2512.61
rel. change during last iteration : -6.47804e-12

degrees of freedom    (FIT_NDF)                        : 370
rms of residuals      (FIT_STDFIT) = sqrt(WSSR/ndf)    : 2.60592
variance of residuals (reduced chisquare) = WSSR/ndf   : 6.79083

Final set of parameters            Asymptotic Standard Error
=======================            ==========================
A               = 77.1616          +/- 0.5559       (0.7204%)
B               = 40.5236          +/- 0.3155       (0.7786%)
t               = 609.943          +/- 10.71        (1.756%)

correlation matrix of the fit parameters:
                A      B      t      
A               1.000 
B              -0.134  1.000 
t              -0.297 -0.814  1.000 


*******************************************************************************
Tue Dec  1 15:32:10 2020


FIT:    data read from 'rates-det1w.txt' u ($1-8380):2
        format = x:z
        x range restricted to [0.00000 : 3000.00]
        #datapoints = 301
        residuals are weighted equally (unit weight)

function used for fitting: g(x)
	g(x)=A*exp(-x*log(2)/t)+B
fitted parameters initialized with current variable values

iter      chisq       delta/lim  lambda   A             B             t            
   0 2.2421053313e+03   0.00e+00  3.13e+01    7.716163e+01   4.052360e+01   6.099434e+02
   2 2.2415980028e+03  -9.81e-02  3.13e-01    7.711563e+01   4.064966e+01   6.067535e+02

After 2 iterations the fit converged.
final sum of squares of residuals : 2241.6
rel. change during last iteration : -9.80941e-07

degrees of freedom    (FIT_NDF)                        : 298
rms of residuals      (FIT_STDFIT) = sqrt(WSSR/ndf)    : 2.74265
variance of residuals (reduced chisquare) = WSSR/ndf   : 7.52214

Final set of parameters            Asymptotic Standard Error
=======================            ==========================
A               = 77.1156          +/- 0.613        (0.795%)
B               = 40.6497          +/- 0.4845       (1.192%)
t               = 606.753          +/- 13.75        (2.267%)

correlation matrix of the fit parameters:
                A      B      t      
A               1.000 
B              -0.299  1.000 
t              -0.066 -0.875  1.000 


*******************************************************************************
Tue Dec  1 15:32:51 2020


FIT:    data read from 'rates-det1w.txt' u ($1-8380):2
        format = x:z
        x range restricted to [0.00000 : 1500.00]
        #datapoints = 151
        residuals are weighted equally (unit weight)

function used for fitting: g(x)
	g(x)=A*exp(-x*log(2)/t)+B
fitted parameters initialized with current variable values

iter      chisq       delta/lim  lambda   A             B             t            
   0 1.2888977656e+03   0.00e+00  3.61e+01    7.711563e+01   4.064966e+01   6.067535e+02
   3 1.2797877993e+03  -7.24e-01  3.61e-02    7.914529e+01   3.825446e+01   6.426695e+02

After 3 iterations the fit converged.
final sum of squares of residuals : 1279.79
rel. change during last iteration : -7.24256e-06

degrees of freedom    (FIT_NDF)                        : 148
rms of residuals      (FIT_STDFIT) = sqrt(WSSR/ndf)    : 2.94061
variance of residuals (reduced chisquare) = WSSR/ndf   : 8.64721

Final set of parameters            Asymptotic Standard Error
=======================            ==========================
A               = 79.1453          +/- 2.187        (2.764%)
B               = 38.2545          +/- 2.587        (6.762%)
t               = 642.669          +/- 43.06        (6.699%)

correlation matrix of the fit parameters:
                A      B      t      
A               1.000 
B              -0.952  1.000 
t               0.878 -0.975  1.000 


*******************************************************************************
Tue Dec  1 15:33:14 2020


FIT:    data read from 'rates-det1w.txt' u ($1-8380):2
        format = x:z
        x range restricted to [0.00000 : 3000.00]
        #datapoints = 301
        residuals are weighted equally (unit weight)

function used for fitting: g(x)
	g(x)=A*exp(-x*log(2)/t)+B
fitted parameters initialized with current variable values

iter      chisq       delta/lim  lambda   A             B             t            
   0 2.5106217538e+03   0.00e+00  3.11e+01    7.914529e+01   3.825446e+01   6.426695e+02
   3 2.2415980028e+03  -1.32e-03  3.11e-02    7.711564e+01   4.064964e+01   6.067541e+02

After 3 iterations the fit converged.
final sum of squares of residuals : 2241.6
rel. change during last iteration : -1.32452e-08

degrees of freedom    (FIT_NDF)                        : 298
rms of residuals      (FIT_STDFIT) = sqrt(WSSR/ndf)    : 2.74265
variance of residuals (reduced chisquare) = WSSR/ndf   : 7.52214

Final set of parameters            Asymptotic Standard Error
=======================            ==========================
A               = 77.1156          +/- 0.613        (0.795%)
B               = 40.6496          +/- 0.4845       (1.192%)
t               = 606.754          +/- 13.75        (2.267%)

correlation matrix of the fit parameters:
                A      B      t      
A               1.000 
B              -0.299  1.000 
t              -0.066 -0.875  1.000 


*******************************************************************************
Tue Dec  1 15:41:38 2020


FIT:    data read from 'rates-det1w.txt' u ($1-8380):2
        format = x:z
        #datapoints = 1294
        residuals are weighted equally (unit weight)

function used for fitting: g(x)
	g(x)=A*exp(-x*log(2)/t)+B
fitted parameters initialized with current variable values

iter      chisq       delta/lim  lambda   A             B             t            
   0 5.3166575210e+13   0.00e+00  1.06e+06    7.711564e+01   4.064964e+01   6.067541e+02
  54 2.3639383296e+05  -8.83e-01  1.06e+00   -8.309353e+00   5.725727e+01   6.879890e+03

After 54 iterations the fit converged.
final sum of squares of residuals : 236394
rel. change during last iteration : -8.82771e-06

degrees of freedom    (FIT_NDF)                        : 1291
rms of residuals      (FIT_STDFIT) = sqrt(WSSR/ndf)    : 13.5318
variance of residuals (reduced chisquare) = WSSR/ndf   : 183.109

Final set of parameters            Asymptotic Standard Error
=======================            ==========================
A               = -8.30935         +/- 6.335        (76.24%)
B               = 57.2573          +/- 6.196        (10.82%)
t               = 6879.89          +/- 4000         (58.15%)

correlation matrix of the fit parameters:
                A      B      t      
A               1.000 
B              -0.997  1.000 
t              -0.992  0.985  1.000 
